<?xml version="1.0" encoding="UTF-8"?>
<testsuite name="kr.ac.jejunu.userdao.UserDaoTests" tests="4" skipped="0" failures="0" errors="0" timestamp="2022-04-24T12:32:15" hostname="DESKTOP-I0RAN8D" time="0.534">
  <properties/>
  <testcase name="delete()" classname="kr.ac.jejunu.userdao.UserDaoTests" time="0.41"/>
  <testcase name="insert()" classname="kr.ac.jejunu.userdao.UserDaoTests" time="0.043"/>
  <testcase name="update()" classname="kr.ac.jejunu.userdao.UserDaoTests" time="0.062"/>
  <testcase name="findById()" classname="kr.ac.jejunu.userdao.UserDaoTests" time="0.018"/>
  <system-out><![CDATA[]]></system-out>
  <system-err><![CDATA[]]></system-err>
</testsuite>
