<?xml version="1.0" encoding="UTF-8"?>
<testsuite name="kr.ac.jejunu.userdao.UserDaoTests" tests="4" skipped="0" failures="0" errors="0" timestamp="2022-04-29T07:53:57" hostname="DESKTOP-I0RAN8D" time="0.629">
  <properties/>
  <testcase name="delete()" classname="kr.ac.jejunu.userdao.UserDaoTests" time="0.452"/>
  <testcase name="insert()" classname="kr.ac.jejunu.userdao.UserDaoTests" time="0.068"/>
  <testcase name="update()" classname="kr.ac.jejunu.userdao.UserDaoTests" time="0.083"/>
  <testcase name="findById()" classname="kr.ac.jejunu.userdao.UserDaoTests" time="0.024"/>
  <system-out><![CDATA[]]></system-out>
  <system-err><![CDATA[]]></system-err>
</testsuite>
