<?xml version="1.0" encoding="UTF-8"?>
<testsuite name="kr.ac.jejunu.UserDaoTests" tests="4" skipped="0" failures="0" errors="0" timestamp="2022-04-02T08:53:05" hostname="DESKTOP-I0RAN8D" time="0.604">
  <properties/>
  <testcase name="delete()" classname="kr.ac.jejunu.UserDaoTests" time="0.456"/>
  <testcase name="insert()" classname="kr.ac.jejunu.UserDaoTests" time="0.051"/>
  <testcase name="update()" classname="kr.ac.jejunu.UserDaoTests" time="0.069"/>
  <testcase name="findById()" classname="kr.ac.jejunu.UserDaoTests" time="0.026"/>
  <system-out><![CDATA[]]></system-out>
  <system-err><![CDATA[]]></system-err>
</testsuite>
