<?xml version="1.0" encoding="UTF-8"?>
<testsuite name="kr.ac.jejunu.userdao.LombokTests" tests="1" skipped="0" failures="0" errors="0" timestamp="2022-04-29T00:42:29" hostname="DESKTOP-I0RAN8D" time="0.013">
  <properties/>
  <testcase name="equals()" classname="kr.ac.jejunu.userdao.LombokTests" time="0.013"/>
  <system-out><![CDATA[]]></system-out>
  <system-err><![CDATA[]]></system-err>
</testsuite>
